app/build/intermediates/manifest_merge_blame_file/release/processReleaseMainManifest/manifest-merger-blame-release-report.txt
1<?xml version="1.0" encoding="utf-8"?>
2<manifest xmlns:android="http://schemas.android.com/apk/res/android"
3    package="com.your.crack.module"
4    android:versionCode="1"
5    android:versionName="1.0" >
6
7    <uses-sdk
8        android:minSdkVersion="19"
9        android:targetSdkVersion="28" />
10
11    <application
11-->src\main\AndroidManifest.xml:4:5-21:19
12        android:allowBackup="true"
12-->src\main\AndroidManifest.xml:5:9-35
13        android:appComponentFactory="androidx.core.app.CoreComponentFactory"
13-->[androidx.core:core:1.0.0] AndroidManifest.xml:22:18-86
14        android:extractNativeLibs="true"
15        android:icon="@mipmap/ic_launcher"
15-->src\main\AndroidManifest.xml:6:9-43
16        android:label="@string/app_name"
16-->src\main\AndroidManifest.xml:7:9-41
17        android:roundIcon="@mipmap/ic_launcher_round"
17-->src\main\AndroidManifest.xml:8:9-54
18        android:supportsRtl="true"
18-->src\main\AndroidManifest.xml:9:9-35
19        android:theme="@style/AppTheme" >
19-->src\main\AndroidManifest.xml:10:9-40
20        <meta-data
20-->src\main\AndroidManifest.xml:12:9-14:36
21            android:name="xposedmodule"
21-->src\main\AndroidManifest.xml:13:13-40
22            android:value="true" />
22-->src\main\AndroidManifest.xml:14:13-33
23        <meta-data
23-->src\main\AndroidManifest.xml:15:9-17:50
24            android:name="xposeddescription"
24-->src\main\AndroidManifest.xml:16:13-45
25            android:value="xposed inline hook" />
25-->src\main\AndroidManifest.xml:17:13-47
26        <meta-data
26-->src\main\AndroidManifest.xml:18:9-20:34
27            android:name="xposedminversion"
27-->src\main\AndroidManifest.xml:19:13-44
28            android:value="54" />
28-->src\main\AndroidManifest.xml:20:13-31
29    </application>
30
31</manifest>